0 info it worked if it ends with ok
1 verbose cli [ '/usr/bin/nodejs', '/usr/bin/npm', 'run', 'build' ]
2 info using npm@3.10.10
3 info using node@v6.11.2
4 verbose run-script [ 'prebuild', 'build', 'postbuild' ]
5 info lifecycle calorie-tracker@0.1.0~prebuild: calorie-tracker@0.1.0
6 silly lifecycle calorie-tracker@0.1.0~prebuild: no script for prebuild, continuing
7 info lifecycle calorie-tracker@0.1.0~build: calorie-tracker@0.1.0
8 verbose lifecycle calorie-tracker@0.1.0~build: unsafe-perm in lifecycle true
9 verbose lifecycle calorie-tracker@0.1.0~build: PATH: /usr/lib/node_modules/npm/bin/node-gyp-bin:/home/smine/xsolla/calorie-tracker/node_modules/.bin:/usr/local/bin:/usr/bin:/bin:/usr/local/games:/usr/games
10 verbose lifecycle calorie-tracker@0.1.0~build: CWD: /home/smine/xsolla/calorie-tracker
11 silly lifecycle calorie-tracker@0.1.0~build: Args: [ '-c',
11 silly lifecycle   'node_modules/webpack/bin/webpack.js --config build/webpack.prod.js' ]
12 silly lifecycle calorie-tracker@0.1.0~build: Returned: code: 2  signal: null
13 info lifecycle calorie-tracker@0.1.0~build: Failed to exec build script
14 verbose stack Error: calorie-tracker@0.1.0 build: `node_modules/webpack/bin/webpack.js --config build/webpack.prod.js`
14 verbose stack Exit status 2
14 verbose stack     at EventEmitter.<anonymous> (/usr/lib/node_modules/npm/lib/utils/lifecycle.js:255:16)
14 verbose stack     at emitTwo (events.js:106:13)
14 verbose stack     at EventEmitter.emit (events.js:191:7)
14 verbose stack     at ChildProcess.<anonymous> (/usr/lib/node_modules/npm/lib/utils/spawn.js:40:14)
14 verbose stack     at emitTwo (events.js:106:13)
14 verbose stack     at ChildProcess.emit (events.js:191:7)
14 verbose stack     at maybeClose (internal/child_process.js:891:16)
14 verbose stack     at Process.ChildProcess._handle.onexit (internal/child_process.js:226:5)
15 verbose pkgid calorie-tracker@0.1.0
16 verbose cwd /home/smine/xsolla/calorie-tracker
17 error Linux 4.9.0-3-amd64
18 error argv "/usr/bin/nodejs" "/usr/bin/npm" "run" "build"
19 error node v6.11.2
20 error npm  v3.10.10
21 error code ELIFECYCLE
22 error calorie-tracker@0.1.0 build: `node_modules/webpack/bin/webpack.js --config build/webpack.prod.js`
22 error Exit status 2
23 error Failed at the calorie-tracker@0.1.0 build script 'node_modules/webpack/bin/webpack.js --config build/webpack.prod.js'.
23 error Make sure you have the latest version of node.js and npm installed.
23 error If you do, this is most likely a problem with the calorie-tracker package,
23 error not with npm itself.
23 error Tell the author that this fails on your system:
23 error     node_modules/webpack/bin/webpack.js --config build/webpack.prod.js
23 error You can get information on how to open an issue for this project with:
23 error     npm bugs calorie-tracker
23 error Or if that isn't available, you can get their info via:
23 error     npm owner ls calorie-tracker
23 error There is likely additional logging output above.
24 verbose exit [ 1, true ]
